\BOOKMARK [0][-]{chapter*.3}{Abstract}{}% 1
\BOOKMARK [0][-]{chapter.1}{1 Introducere}{}% 2
\BOOKMARK [1][-]{section.1.1}{1.1 Descrierea proiectului}{chapter.1}% 3
\BOOKMARK [2][-]{subsection.1.1.1}{1.1.1 Scop si motivatie}{section.1.1}% 4
\BOOKMARK [2][-]{subsection.1.1.2}{1.1.2 Obiectivele Proiectului}{section.1.1}% 5
\BOOKMARK [0][-]{chapter.2}{2 Prezentarea structurilor XCode si Adobe Experience Design}{}% 6
\BOOKMARK [1][-]{section.2.1}{2.1 Prezentare XCode}{chapter.2}% 7
\BOOKMARK [2][-]{subsection.2.1.1}{2.1.1 Structura unui fisier .storyboard}{section.2.1}% 8
\BOOKMARK [1][-]{section.2.2}{2.2 Prezentare Adobe Experience Design}{chapter.2}% 9
\BOOKMARK [2][-]{subsection.2.2.1}{2.2.1 Structura unui fisier .xd}{section.2.2}% 10
\BOOKMARK [1][-]{section.2.3}{2.3 Translatarea si scalarea elementelor vizuale}{chapter.2}% 11
\BOOKMARK [0][-]{chapter.3}{3 Arhitectura si Implementare}{}% 12
\BOOKMARK [1][-]{section.3.1}{3.1 Arhitectura}{chapter.3}% 13
\BOOKMARK [1][-]{section.3.2}{3.2 Translatarea din XCode \356n Adobe Experience Design}{chapter.3}% 14
\BOOKMARK [2][-]{subsection.3.2.1}{3.2.1 Translatarea switch-ului si a altor elemente grafice similare}{section.3.2}% 15
\BOOKMARK [2][-]{subsection.3.2.2}{3.2.2 Translatarea textului}{section.3.2}% 16
\BOOKMARK [2][-]{subsection.3.2.3}{3.2.3 Translatarea imaginilor}{section.3.2}% 17
\BOOKMARK [2][-]{subsection.3.2.4}{3.2.4 Translatarea interactiunilor}{section.3.2}% 18
\BOOKMARK [1][-]{section.3.3}{3.3 Translatarea din Adobe Experience Design \356n XCode}{chapter.3}% 19
\BOOKMARK [2][-]{subsection.3.3.1}{3.3.1 Translatarea path-urilor si a altor elemente grafice similare}{section.3.3}% 20
\BOOKMARK [2][-]{subsection.3.3.2}{3.3.2 Translatarea textului}{section.3.3}% 21
\BOOKMARK [2][-]{subsection.3.3.3}{3.3.3 Translatarea grupurilor}{section.3.3}% 22
\BOOKMARK [2][-]{subsection.3.3.4}{3.3.4 Translatarea imaginilor}{section.3.3}% 23
\BOOKMARK [2][-]{subsection.3.3.5}{3.3.5 Translatarea interactiunilor}{section.3.3}% 24
\BOOKMARK [1][-]{section.3.4}{3.4 Alternativa de translatare din XCode \356n Adobe Experience Design}{chapter.3}% 25
\BOOKMARK [1][-]{section.3.5}{3.5 Sincronizarea scenelor din Adobe }{chapter.3}% 26
\BOOKMARK [2][-]{subsection.3.5.1}{3.5.1 Sincronizarea Adobe Experience Design - XCode}{section.3.5}% 27
\BOOKMARK [0][-]{chapter.4}{4 Evaluare si Testare}{}% 28
\BOOKMARK [1][-]{section.4.1}{4.1 Testare}{chapter.4}% 29
\BOOKMARK [1][-]{section.4.2}{4.2 Comparatie scheme de translatare}{chapter.4}% 30
\BOOKMARK [0][-]{chapter.5}{5 Concluzii}{}% 31
\BOOKMARK [1][-]{section.5.1}{5.1 \316mbunatatiri ulterioare}{chapter.5}% 32
